SF:lib\src\multi_listen_extension.dart
DA:12,1
DA:16,1
DA:20,1
DA:21,2
DA:22,2
DA:27,1
DA:28,2
DA:32,0
DA:33,0
DA:34,0
DA:44,1
DA:45,1
LF:12
LH:9
end_of_record
SF:lib\src\value_notifier_extension.dart
DA:19,0
DA:23,0
DA:45,0
DA:51,0
DA:53,0
DA:54,0
DA:75,0
DA:76,0
LF:8
LH:0
end_of_record
SF:lib\src\deep_value_notifier_extension.dart
DA:6,2
DA:8,0
DA:11,0
DA:13,0
DA:16,0
DA:17,0
DA:20,0
DA:21,0
DA:28,0
DA:29,0
DA:48,0
DA:52,0
LF:12
LH:1
end_of_record
SF:lib\src\data_checker_widget.dart
DA:28,0
DA:37,0
DA:40,0
DA:41,0
DA:45,0
DA:46,0
DA:48,0
DA:51,0
DA:52,0
LF:9
LH:0
end_of_record
